d:\01.kpu\sickperson\game\engine\include\x64\debug\vc141.pdb
d:\01.kpu\sickperson\game\engine\include\x64\debug\vc141.idb
d:\01.kpu\sickperson\game\engine\include\x64\debug\obj.obj
d:\01.kpu\sickperson\game\engine\include\x64\debug\enginevector4.obj
d:\01.kpu\sickperson\game\engine\include\x64\debug\enginevector3.obj
d:\01.kpu\sickperson\game\engine\include\x64\debug\enginevector2.obj
d:\01.kpu\sickperson\game\engine\include\x64\debug\enginematrix.obj
d:\01.kpu\sickperson\game\engine\include\x64\debug\device.obj
d:\01.kpu\sickperson\game\engine\include\x64\debug\timermanager.obj
d:\01.kpu\sickperson\game\engine\include\x64\debug\timer.obj
d:\01.kpu\sickperson\game\engine\include\x64\debug\pathmanager.obj
d:\01.kpu\sickperson\game\engine\include\x64\debug\core.obj
d:\01.kpu\sickperson\game\engine\bin64_debug\gameengine64_debug.lib
d:\01.kpu\sickperson\game\engine\bin64_debug\gameengine64_debug.exp
d:\01.kpu\sickperson\game\engine\bin64_debug\gameengine64_debug.ilk
d:\01.kpu\sickperson\game\engine\bin64_debug\gameengine64_debug.dll
d:\01.kpu\sickperson\game\engine\bin64_debug\gameengine64_debug.pdb
d:\01.kpu\sickperson\game\engine\include\../bin64_debug/gameengine64_debug.dll
d:\01.kpu\sickperson\game\engine\include\x64\debug\gameengine.tlog\cl.command.1.tlog
d:\01.kpu\sickperson\game\engine\include\x64\debug\gameengine.tlog\cl.read.1.tlog
d:\01.kpu\sickperson\game\engine\include\x64\debug\gameengine.tlog\cl.write.1.tlog
d:\01.kpu\sickperson\game\engine\include\x64\debug\gameengine.tlog\gameengine.write.1u.tlog
d:\01.kpu\sickperson\game\engine\include\x64\debug\gameengine.tlog\link.command.1.tlog
d:\01.kpu\sickperson\game\engine\include\x64\debug\gameengine.tlog\link.read.1.tlog
d:\01.kpu\sickperson\game\engine\include\x64\debug\gameengine.tlog\link.write.1.tlog
