d:\01.kpu\game\engine\include\debug\vc141.pdb
d:\01.kpu\game\engine\include\debug\vc141.idb
d:\01.kpu\game\engine\include\debug\enginevector4.obj
d:\01.kpu\game\engine\include\debug\enginevector3.obj
d:\01.kpu\game\engine\include\debug\enginevector2.obj
d:\01.kpu\game\engine\include\debug\enginematrix.obj
d:\01.kpu\game\engine\include\debug\core.obj
d:\01.kpu\game\engine\bin_debug\gameengine_debug.lib
d:\01.kpu\game\engine\bin_debug\gameengine_debug.exp
d:\01.kpu\game\engine\bin_debug\gameengine_debug.ilk
d:\01.kpu\game\engine\bin_debug\gameengine_debug.dll
d:\01.kpu\game\engine\bin_debug\gameengine_debug.pdb
d:\01.kpu\game\engine\include\../bin_debug/gameengine_debug.dll
d:\01.kpu\game\engine\include\debug\gameengine.tlog\cl.command.1.tlog
d:\01.kpu\game\engine\include\debug\gameengine.tlog\cl.read.1.tlog
d:\01.kpu\game\engine\include\debug\gameengine.tlog\cl.write.1.tlog
d:\01.kpu\game\engine\include\debug\gameengine.tlog\gameengine.write.1u.tlog
d:\01.kpu\game\engine\include\debug\gameengine.tlog\link.command.1.tlog
d:\01.kpu\game\engine\include\debug\gameengine.tlog\link.read.1.tlog
d:\01.kpu\game\engine\include\debug\gameengine.tlog\link.write.1.tlog
