  Camera.cpp
d:\01.kpu\졸업작품\sickperson\question\question\component\camera.cpp(123): warning C4244: '인수': 'const UINT'에서 'float'(으)로 변환하면서 데이터가 손실될 수 있습니다.
d:\01.kpu\졸업작품\sickperson\question\question\component\camera.cpp(122): warning C4244: '인수': 'const UINT'에서 'float'(으)로 변환하면서 데이터가 손실될 수 있습니다.
  Component.cpp
  Frustum.cpp
  Light.cpp
  LightDir.cpp
  LightPoint.cpp
  LightSpot.cpp
  Transform.cpp
  Core.cpp
d:\01.kpu\졸업작품\sickperson\question\question\core.cpp(192): warning C4838: 'UINT'에서 'LONG'(으)로의 변환에는 축소 변환이 필요합니다.
  Input.cpp
d:\01.kpu\졸업작품\sickperson\question\question\core\input.h(62): warning C4311: '형식 캐스트': 'const char *'에서 'DWORD'(으)로 포인터가 잘립니다.
  d:\01.kpu\졸업작품\sickperson\question\question\core\input.cpp(27): note: 컴파일 중인 함수 템플릿 인스턴스화 'void CInput::CreateKey<char[10],char>(const T (&),const char &)'에 대한 참조를 확인하십시오.
          with
          [
              T=char [10]
          ]
d:\01.kpu\졸업작품\sickperson\question\question\core\input.h(62): warning C4302: '형식 캐스트': 'const char *'에서 'DWORD'(으)로 잘립니다.
d:\01.kpu\졸업작품\sickperson\question\question\core\input.h(35): warning C4311: '형식 캐스트': 'const char *'에서 'DWORD'(으)로 포인터가 잘립니다.
  d:\01.kpu\졸업작품\sickperson\question\question\core\input.h(71): note: 컴파일 중인 함수 템플릿 인스턴스화 'void CInput::CreateKey<char[5]>(const T (&))'에 대한 참조를 확인하십시오.
          with
          [
              T=char [5]
          ]
  d:\01.kpu\졸업작품\sickperson\question\question\core\input.cpp(30): note: 컴파일 중인 함수 템플릿 인스턴스화 'void CInput::CreateKey<char,char[5]>(const T &,const char (&)[5])'에 대한 참조를 확인하십시오.
          with
          [
              T=char
          ]
d:\01.kpu\졸업작품\sickperson\question\question\core\input.h(35): warning C4302: '형식 캐스트': 'const char *'에서 'DWORD'(으)로 잘립니다.
  PathManager.cpp
  Timer.cpp
  TimerManager.cpp
  Device.cpp
d:\01.kpu\졸업작품\sickperson\question\question\device.cpp(197): warning C4244: '=': 'float'에서 'UINT8'(으)로 변환하면서 데이터가 손실될 수 있습니다.
d:\01.kpu\졸업작품\sickperson\question\question\device.cpp(301): warning C4244: '=': 'UINT'에서 'FLOAT'(으)로 변환하면서 데이터가 손실될 수 있습니다.
d:\01.kpu\졸업작품\sickperson\question\question\device.cpp(302): warning C4244: '=': 'UINT'에서 'FLOAT'(으)로 변환하면서 데이터가 손실될 수 있습니다.
d:\01.kpu\졸업작품\sickperson\question\question\device.cpp(307): warning C4838: 'UINT'에서 'LONG'(으)로의 변환에는 축소 변환이 필요합니다.
  EngineMatrix.cpp
  EngineVector2.cpp
d:\01.kpu\졸업작품\sickperson\question\question\enginevector2.cpp(28): warning C4244: '=': 'int'에서 'float'(으)로 변환하면서 데이터가 손실될 수 있습니다.
d:\01.kpu\졸업작품\sickperson\question\question\enginevector2.cpp(29): warning C4244: '=': 'int'에서 'float'(으)로 변환하면서 데이터가 손실될 수 있습니다.
d:\01.kpu\졸업작품\sickperson\question\question\enginevector2.cpp(40): warning C4244: '=': 'int'에서 'float'(으)로 변환하면서 데이터가 손실될 수 있습니다.
d:\01.kpu\졸업작품\sickperson\question\question\enginevector2.cpp(41): warning C4244: '=': 'int'에서 'float'(으)로 변환하면서 데이터가 손실될 수 있습니다.
d:\01.kpu\졸업작품\sickperson\question\question\enginevector2.cpp(75): warning C4244: '=': 'int'에서 'float'(으)로 변환하면서 데이터가 손실될 수 있습니다.
d:\01.kpu\졸업작품\sickperson\question\question\enginevector2.cpp(76): warning C4244: '=': 'int'에서 'float'(으)로 변환하면서 데이터가 손실될 수 있습니다.
  EngineVector3.cpp
d:\01.kpu\졸업작품\sickperson\question\question\enginevector3.cpp(40): warning C4244: '=': 'int'에서 'float'(으)로 변환하면서 데이터가 손실될 수 있습니다.
d:\01.kpu\졸업작품\sickperson\question\question\enginevector3.cpp(41): warning C4244: '=': 'int'에서 'float'(으)로 변환하면서 데이터가 손실될 수 있습니다.
d:\01.kpu\졸업작품\sickperson\question\question\enginevector3.cpp(42): warning C4244: '=': 'int'에서 'float'(으)로 변환하면서 데이터가 손실될 수 있습니다.
d:\01.kpu\졸업작품\sickperson\question\question\enginevector3.cpp(54): warning C4244: '=': 'int'에서 'float'(으)로 변환하면서 데이터가 손실될 수 있습니다.
d:\01.kpu\졸업작품\sickperson\question\question\enginevector3.cpp(55): warning C4244: '=': 'int'에서 'float'(으)로 변환하면서 데이터가 손실될 수 있습니다.
d:\01.kpu\졸업작품\sickperson\question\question\enginevector3.cpp(56): warning C4244: '=': 'int'에서 'float'(으)로 변환하면서 데이터가 손실될 수 있습니다.
d:\01.kpu\졸업작품\sickperson\question\question\enginevector3.cpp(94): warning C4244: '=': 'int'에서 'float'(으)로 변환하면서 데이터가 손실될 수 있습니다.
d:\01.kpu\졸업작품\sickperson\question\question\enginevector3.cpp(95): warning C4244: '=': 'int'에서 'float'(으)로 변환하면서 데이터가 손실될 수 있습니다.
d:\01.kpu\졸업작품\sickperson\question\question\enginevector3.cpp(96): warning C4244: '=': 'int'에서 'float'(으)로 변환하면서 데이터가 손실될 수 있습니다.
  EngineVector4.cpp
d:\01.kpu\졸업작품\sickperson\question\question\enginevector4.cpp(41): warning C4244: '=': 'int'에서 'float'(으)로 변환하면서 데이터가 손실될 수 있습니다.
d:\01.kpu\졸업작품\sickperson\question\question\enginevector4.cpp(42): warning C4244: '=': 'int'에서 'float'(으)로 변환하면서 데이터가 손실될 수 있습니다.
d:\01.kpu\졸업작품\sickperson\question\question\enginevector4.cpp(43): warning C4244: '=': 'int'에서 'float'(으)로 변환하면서 데이터가 손실될 수 있습니다.
d:\01.kpu\졸업작품\sickperson\question\question\enginevector4.cpp(44): warning C4244: '=': 'int'에서 'float'(으)로 변환하면서 데이터가 손실될 수 있습니다.
d:\01.kpu\졸업작품\sickperson\question\question\enginevector4.cpp(57): warning C4244: '=': 'int'에서 'float'(으)로 변환하면서 데이터가 손실될 수 있습니다.
d:\01.kpu\졸업작품\sickperson\question\question\enginevector4.cpp(58): warning C4244: '=': 'int'에서 'float'(으)로 변환하면서 데이터가 손실될 수 있습니다.
d:\01.kpu\졸업작품\sickperson\question\question\enginevector4.cpp(59): warning C4244: '=': 'int'에서 'float'(으)로 변환하면서 데이터가 손실될 수 있습니다.
d:\01.kpu\졸업작품\sickperson\question\question\enginevector4.cpp(60): warning C4244: '=': 'int'에서 'float'(으)로 변환하면서 데이터가 손실될 수 있습니다.
d:\01.kpu\졸업작품\sickperson\question\question\enginevector4.cpp(101): warning C4244: '=': 'int'에서 'float'(으)로 변환하면서 데이터가 손실될 수 있습니다.
d:\01.kpu\졸업작품\sickperson\question\question\enginevector4.cpp(102): warning C4244: '=': 'int'에서 'float'(으)로 변환하면서 데이터가 손실될 수 있습니다.
d:\01.kpu\졸업작품\sickperson\question\question\enginevector4.cpp(103): warning C4244: '=': 'int'에서 'float'(으)로 변환하면서 데이터가 손실될 수 있습니다.
d:\01.kpu\졸업작품\sickperson\question\question\enginevector4.cpp(104): warning C4244: '=': 'int'에서 'float'(으)로 변환하면서 데이터가 손실될 수 있습니다.
  GameObject.cpp
  main.cpp
  코드를 생성하고 있습니다...
  컴파일하고 있습니다...
  Obj.cpp
  Layer.cpp
  Scene.cpp
  SceneManager.cpp
  SceneScript.cpp
  코드를 생성하고 있습니다...
  Question.vcxproj -> D:\01.KPU\졸업작품\SickPerson\Question\x64\Debug\Question.exe
